Unity Editor version:    2020.3.25f1 (9b9180224418)
Branch:                  2020.3/staging
Build type:              Release
Batch mode:              YES
macOS version:           Version 11.6 (Build 20G165)
Darwin version:          20.6.0
Architecture:            x86_64
Running under Rosetta:   NO
Available memory:        16384 MB
Using pre-set license
Pro License: NO

COMMAND LINE ARGUMENTS:
/Applications/Unity/Hub/Editor/2020.3.25f1/Unity.app/Contents/MacOS/Unity
-adb2
-batchMode
-noUpm
-name
AssetImportWorker0
-projectPath
/Users/hominnn/Desktop/unity/Project/Maze 1221
-logFile
Logs/AssetImportWorker0.log
-srvPort
50577
Successfully changed project path to: /Users/hominnn/Desktop/unity/Project/Maze 1221
/Users/hominnn/Desktop/unity/Project/Maze 1221
Using Asset Import Pipeline V2.
Refreshing native plugins compatible for Editor in 31.51 ms, found 2 plugins.
Preloading 0 native plugins for Editor in 0.00 ms.
Initialize engine version: 2020.3.25f1 (9b9180224418)
[Subsystems] Discovering subsystems at path /Applications/Unity/Hub/Editor/2020.3.25f1/Unity.app/Contents/Resources/UnitySubsystems
[Subsystems] Discovering subsystems at path /Users/hominnn/Desktop/unity/Project/Maze 1221/Assets
GfxDevice: creating device client; threaded=0
2021-12-22 00:28:46.352 Unity[2265:70319] Color LCD preferred device: Intel(R) Iris(TM) Plus Graphics (low power)
2021-12-22 00:28:46.352 Unity[2265:70319] Metal devices available: 1
2021-12-22 00:28:46.352 Unity[2265:70319] 0: Intel(R) Iris(TM) Plus Graphics (low power)
2021-12-22 00:28:46.352 Unity[2265:70319] Using device Intel(R) Iris(TM) Plus Graphics (low power)
Initializing Metal device caps: Intel(R) Iris(TM) Plus Graphics
Initialize mono
Mono path[0] = '/Applications/Unity/Hub/Editor/2020.3.25f1/Unity.app/Contents/Managed'
Mono path[1] = '/Applications/Unity/Hub/Editor/2020.3.25f1/Unity.app/Contents/MonoBleedingEdge/lib/mono/unityjit'
Mono config path = '/Applications/Unity/Hub/Editor/2020.3.25f1/Unity.app/Contents/MonoBleedingEdge/etc'
Using monoOptions --debugger-agent=transport=dt_socket,embedding=1,server=y,suspend=n,address=127.0.0.1:56265
Begin MonoManager ReloadAssembly
Registering precompiled unity dll's ...
Register platform support module: /Applications/Unity/Hub/Editor/2020.3.25f1/Unity.app/Contents/PlaybackEngines/MacStandaloneSupport/UnityEditor.OSXStandalone.Extensions.dll
Register platform support module: /Applications/Unity/Hub/Editor/2020.3.25f1/PlaybackEngines/WindowsStandaloneSupport/UnityEditor.WindowsStandalone.Extensions.dll
Registered in 0.000828 seconds.
Native extension for WindowsStandalone target not found
Native extension for OSXStandalone target not found
Refreshing native plugins compatible for Editor in 30.42 ms, found 2 plugins.
Preloading 0 native plugins for Editor in 0.00 ms.
Mono: successfully reloaded assembly
- Completed reload, in  0.670 seconds
Domain Reload Profiling:
	ReloadAssembly (670ms)
		BeginReloadAssembly (49ms)
			ExecutionOrderSort (0ms)
			DisableScriptedObjects (0ms)
			BackupInstance (0ms)
			ReleaseScriptingObjects (0ms)
			CreateAndSetChildDomain (1ms)
		EndReloadAssembly (538ms)
			LoadAssemblies (48ms)
			RebuildTransferFunctionScriptingTraits (0ms)
			SetupTypeCache (206ms)
			ReleaseScriptCaches (0ms)
			RebuildScriptCaches (42ms)
			SetupLoadedEditorAssemblies (195ms)
				LogAssemblyErrors (0ms)
				InitializePlatformSupportModulesInManaged (5ms)
				SetLoadedEditorAssemblies (0ms)
				RefreshPlugins (30ms)
				BeforeProcessingInitializeOnLoad (28ms)
				ProcessInitializeOnLoadAttributes (100ms)
				ProcessInitializeOnLoadMethodAttributes (30ms)
				AfterProcessingInitializeOnLoad (0ms)
				EditorAssembliesLoaded (0ms)
			ExecutionOrderSort2 (0ms)
			AwakeInstancesAfterBackupRestoration (0ms)
Platform modules already initialized, skipping
Registering precompiled user dll's ...
Registered in 0.001741 seconds.
Begin MonoManager ReloadAssembly
Native extension for WindowsStandalone target not found
Native extension for OSXStandalone target not found
Refreshing native plugins compatible for Editor in 0.33 ms, found 2 plugins.
Preloading 0 native plugins for Editor in 0.00 ms.
Mono: successfully reloaded assembly
- Completed reload, in  1.405 seconds
Domain Reload Profiling:
	ReloadAssembly (1406ms)
		BeginReloadAssembly (183ms)
			ExecutionOrderSort (0ms)
			DisableScriptedObjects (7ms)
			BackupInstance (0ms)
			ReleaseScriptingObjects (0ms)
			CreateAndSetChildDomain (40ms)
		EndReloadAssembly (1151ms)
			LoadAssemblies (86ms)
			RebuildTransferFunctionScriptingTraits (0ms)
			SetupTypeCache (435ms)
			ReleaseScriptCaches (0ms)
			RebuildScriptCaches (55ms)
			SetupLoadedEditorAssemblies (448ms)
				LogAssemblyErrors (0ms)
				InitializePlatformSupportModulesInManaged (7ms)
				SetLoadedEditorAssemblies (1ms)
				RefreshPlugins (0ms)
				BeforeProcessingInitializeOnLoad (83ms)
				ProcessInitializeOnLoadAttributes (342ms)
				ProcessInitializeOnLoadMethodAttributes (13ms)
				AfterProcessingInitializeOnLoad (2ms)
				EditorAssembliesLoaded (0ms)
			ExecutionOrderSort2 (0ms)
			AwakeInstancesAfterBackupRestoration (11ms)
Platform modules already initialized, skipping
Validating Project structure ... 0.000121 seconds.
Shader import version has changed; will reimport all shaders...
Upgrading shader files ...0.000187 seconds.
Application.AssetDatabase Initial Script Refresh Start
RefreshInfo: InitialScriptRefreshV2(NoUpdateAssetOptions) scanfilter:  ... 1 filters
RefreshProfiler: Total: 0.000ms
Application.AssetDatabase Initial Script Refresh End
Application.AssetDatabase.Refresh Start
Application.AssetDatabase.Refresh End
RefreshInfo: StopAssetImportingV2(ForceSynchronousImport) scanfilter: 
RefreshProfiler: Total: 0.000ms
Launching external process: /Applications/Unity/Hub/Editor/2020.3.25f1/Unity.app/Contents/Tools/UnityShaderCompiler
Launched and connected shader compiler UnityShaderCompiler after 0.01 seconds
Initializing Unity extensions:
========================================================================
Worker process is ready to serve import requests
Refreshing native plugins compatible for Editor in 0.29 ms, found 2 plugins.
Preloading 0 native plugins for Editor in 0.00 ms.
Unloading 1501 Unused Serialized files (Serialized files now loaded: 0)
System memory in use before: 159.6 MB.
System memory in use after: 158.8 MB.

Unloading 80 unused Assets to reduce memory usage. Loaded Objects now: 1972.
Total: 4.653409 ms (FindLiveObjects: 0.244266 ms CreateObjectMapping: 0.082883 ms MarkObjects: 3.529177 ms  DeleteObjects: 0.795047 ms)

AssetImportParameters requested are different than current active one (requested -> active):
  custom:video-decoder-ogg-theora: a1e56fd34408186e4bbccfd4996cb3dc -> 
  custom:container-muxer-webm: aa71ff27fc2769a1b78a27578f13a17b -> 
  custom:container-demuxer-webm: 4f35f7cbe854078d1ac9338744f61a02 -> 
  custom:container-demuxer-ogg: 62fdf1f143b41e24485cea50d1cbac27 -> 
  custom:video-encoder-webm-vp8: eb34c28f22e8b96e1ab97ce403110664 -> 
  custom:framework-osx-AVFoundation: e770b220cccbd017edd2c1fefb359320 -> 
  custom:video-decoder-webm-vp8: 9c59270c3fd7afecdb556c50c9e8de78 -> 
  custom:audio-decoder-ogg-vorbis: bf7c407c2cedff20999df2af8eb42d56 -> 
  custom:audio-encoder-webm-vorbis: bf7c407c2cedff20999df2af8eb42d56 -> 
========================================================================
Received Import Request.
  path: Assets/Labirinthe set.obj
  artifactKey: Guid(886ef7886e079437bbf16b5c3bb3fd6b) Importer(815301076,1909f56bfc062723c751e8b465ee728b)
Start importing Assets/Labirinthe set.obj using Guid(886ef7886e079437bbf16b5c3bb3fd6b) Importer(815301076,1909f56bfc062723c751e8b465ee728b)  -> (artifact id: '9be8269c9751e800b2e4fca162dad665') in 3.349017 seconds 
  Import took 3.356629 seconds .

========================================================================
Received Import Request.
  Time since last request: 45.653033 seconds.
  path: Packages/com.unity.ext.nunit
  artifactKey: Guid(25a477c2f24db8778a4179421a32cc21) Importer(815301076,1909f56bfc062723c751e8b465ee728b)
Start importing Packages/com.unity.ext.nunit using Guid(25a477c2f24db8778a4179421a32cc21) Importer(815301076,1909f56bfc062723c751e8b465ee728b)  -> (artifact id: 'de8b3f671dc9f0a57b867a67d4aae8de') in 0.001597 seconds 
  Import took 0.006004 seconds .

========================================================================
Received Import Request.
  Time since last request: 0.199911 seconds.
  path: Packages/com.unity.ext.nunit/package.json
  artifactKey: Guid(8143d3a8390f2c64685e3bc272bd9e90) Importer(815301076,1909f56bfc062723c751e8b465ee728b)
Start importing Packages/com.unity.ext.nunit/package.json using Guid(8143d3a8390f2c64685e3bc272bd9e90) Importer(815301076,1909f56bfc062723c751e8b465ee728b)  -> (artifact id: '36f449bd9ed4a92e06d659da724da745') in 3.031099 seconds 
  Import took 3.039899 seconds .

========================================================================
Received Import Request.
  Time since last request: 0.000373 seconds.
  path: Packages/com.unity.ide.rider
  artifactKey: Guid(ea5aa18a49e4f29d74984ea0ea11a238) Importer(815301076,1909f56bfc062723c751e8b465ee728b)
Start importing Packages/com.unity.ide.rider using Guid(ea5aa18a49e4f29d74984ea0ea11a238) Importer(815301076,1909f56bfc062723c751e8b465ee728b)  -> (artifact id: '38d02623396ab86594f3405d33b9714f') in 0.000914 seconds 
  Import took 0.003916 seconds .

========================================================================
Received Import Request.
  Time since last request: 0.000279 seconds.
  path: Packages/com.unity.ide.rider/package.json
  artifactKey: Guid(66c95bb3c74257f41bae2622511dc02d) Importer(815301076,1909f56bfc062723c751e8b465ee728b)
Start importing Packages/com.unity.ide.rider/package.json using Guid(66c95bb3c74257f41bae2622511dc02d) Importer(815301076,1909f56bfc062723c751e8b465ee728b)  -> (artifact id: 'ff96f7b61e94a0dc9b975679be81ead9') in 0.003023 seconds 
  Import took 0.006878 seconds .

========================================================================
Received Import Request.
  Time since last request: 2.281059 seconds.
  path: Packages/com.unity.nuget.newtonsoft-json
  artifactKey: Guid(7e7d2b05dd6ea119ce16861d56d99a82) Importer(815301076,1909f56bfc062723c751e8b465ee728b)
Start importing Packages/com.unity.nuget.newtonsoft-json using Guid(7e7d2b05dd6ea119ce16861d56d99a82) Importer(815301076,1909f56bfc062723c751e8b465ee728b)  -> (artifact id: 'fa4b8fa352b752a3e644067b33aa63ec') in 0.002108 seconds 
  Import took 0.006618 seconds .

========================================================================
Received Import Request.
  Time since last request: 1.509104 seconds.
  path: Packages/com.unity.test-framework
  artifactKey: Guid(6023f2b823fc19b4e4a90875281ff117) Importer(815301076,1909f56bfc062723c751e8b465ee728b)
Start importing Packages/com.unity.test-framework using Guid(6023f2b823fc19b4e4a90875281ff117) Importer(815301076,1909f56bfc062723c751e8b465ee728b)  -> (artifact id: '7b3fecfc8d873fe96244889d860a7252') in 0.002424 seconds 
  Import took 0.006548 seconds .

========================================================================
Received Import Request.
  Time since last request: 0.071907 seconds.
  path: Packages/com.unity.test-framework/package.json
  artifactKey: Guid(d6a2e6e4803de7b43baacdc355fc144d) Importer(815301076,1909f56bfc062723c751e8b465ee728b)
Start importing Packages/com.unity.test-framework/package.json using Guid(d6a2e6e4803de7b43baacdc355fc144d) Importer(815301076,1909f56bfc062723c751e8b465ee728b)  -> (artifact id: '348d0090788821c173ed5a91192d97b9') in 0.004320 seconds 
  Import took 0.009044 seconds .

========================================================================
Received Import Request.
  Time since last request: 2.181034 seconds.
  path: Packages/com.unity.ugui
  artifactKey: Guid(8f7652e09069a1943278893d4264401e) Importer(815301076,1909f56bfc062723c751e8b465ee728b)
Start importing Packages/com.unity.ugui using Guid(8f7652e09069a1943278893d4264401e) Importer(815301076,1909f56bfc062723c751e8b465ee728b)  -> (artifact id: '9be8eef517426cf4e5d1ef023f0f7cab') in 0.001941 seconds 
  Import took 0.005238 seconds .

========================================================================
Received Import Request.
  Time since last request: 0.073489 seconds.
  path: Packages/com.unity.ugui/package.json
  artifactKey: Guid(319b8889f363f5947acf209c17a94149) Importer(815301076,1909f56bfc062723c751e8b465ee728b)
Start importing Packages/com.unity.ugui/package.json using Guid(319b8889f363f5947acf209c17a94149) Importer(815301076,1909f56bfc062723c751e8b465ee728b)  -> (artifact id: '39d1f12f0f4420a8b9dea50868bbb5d0') in 0.005014 seconds 
  Import took 0.009710 seconds .

========================================================================
Received Import Request.
  Time since last request: 1.422077 seconds.
  path: Packages/com.unity.ugui/Editor
  artifactKey: Guid(bee384ad5b4d1a843a018082e7db53cd) Importer(815301076,1909f56bfc062723c751e8b465ee728b)
Start importing Packages/com.unity.ugui/Editor using Guid(bee384ad5b4d1a843a018082e7db53cd) Importer(815301076,1909f56bfc062723c751e8b465ee728b)  -> (artifact id: '3a6882089124fa3e3e4daf11573b2a9a') in 0.002340 seconds 
  Import took 0.005838 seconds .

========================================================================
Received Import Request.
  Time since last request: 0.285145 seconds.
  path: Packages/com.unity.ugui/Editor/UnityEditor.UI.asmdef
  artifactKey: Guid(343deaaf83e0cee4ca978e7df0b80d21) Importer(815301076,1909f56bfc062723c751e8b465ee728b)
Start importing Packages/com.unity.ugui/Editor/UnityEditor.UI.asmdef using Guid(343deaaf83e0cee4ca978e7df0b80d21) Importer(815301076,1909f56bfc062723c751e8b465ee728b)  -> (artifact id: 'b6729f57df2b31e1ee16d37afa663e95') in 1.164016 seconds 
  Import took 1.171756 seconds .

========================================================================
Received Import Request.
  Time since last request: 1.411523 seconds.
  path: Packages/com.unity.ugui/Editor/UI
  artifactKey: Guid(853edc343b78a7c4c81cbb3851d48c0a) Importer(815301076,1909f56bfc062723c751e8b465ee728b)
Start importing Packages/com.unity.ugui/Editor/UI using Guid(853edc343b78a7c4c81cbb3851d48c0a) Importer(815301076,1909f56bfc062723c751e8b465ee728b)  -> (artifact id: 'd002f742b9a7dd36a18a266ab4d12948') in 0.002500 seconds 
  Import took 0.007313 seconds .

========================================================================
Received Import Request.
  Time since last request: 24.983696 seconds.
  path: Assets/Maze Set.fbx
  artifactKey: Guid(e935f3a2aea7941fdaf2bf15b4e35495) Importer(815301076,1909f56bfc062723c751e8b465ee728b)
Start importing Assets/Maze Set.fbx using Guid(e935f3a2aea7941fdaf2bf15b4e35495) Importer(815301076,1909f56bfc062723c751e8b465ee728b)  -> (artifact id: '71550c5493aa02d84a28255ff1a96c33') in 0.447329 seconds 
  Import took 0.453469 seconds .

========================================================================
Received Import Request.
  Time since last request: 88.498832 seconds.
  path: Assets
  artifactKey: Guid(00000000000000001000000000000000) Importer(815301076,1909f56bfc062723c751e8b465ee728b)
Start importing Assets using Guid(00000000000000001000000000000000) Importer(815301076,1909f56bfc062723c751e8b465ee728b)  -> (artifact id: '42d402b061de3733987d63b9cc3b64de') in 0.001368 seconds 
  Import took 0.005653 seconds .

========================================================================
Received Import Request.
  Time since last request: 106.665998 seconds.
  path: Assets/Maze Set.fbx
  artifactKey: Guid(e935f3a2aea7941fdaf2bf15b4e35495) Importer(815301076,1909f56bfc062723c751e8b465ee728b)
Start importing Assets/Maze Set.fbx using Guid(e935f3a2aea7941fdaf2bf15b4e35495) Importer(815301076,1909f56bfc062723c751e8b465ee728b)  -> (artifact id: 'b01bec3a1566dad495a5c303a5cddb92') in 0.119879 seconds 
  Import took 0.124388 seconds .

========================================================================
Received Import Request.
  Time since last request: 2296.128820 seconds.
  path: Assets/New Material.mat
  artifactKey: Guid(0d5b5ea65b0b94d0d9dfa4cda92f4d92) Importer(815301076,1909f56bfc062723c751e8b465ee728b)
Start importing Assets/New Material.mat using Guid(0d5b5ea65b0b94d0d9dfa4cda92f4d92) Importer(815301076,1909f56bfc062723c751e8b465ee728b)  -> (artifact id: '17e9895bb1d86b88de2190f68a29a9f3') in 0.219093 seconds 
  Import took 0.226794 seconds .

========================================================================
Received Import Request.
  Time since last request: 133.092252 seconds.
  path: Assets/Blue.mat
  artifactKey: Guid(c33bb15dc68cd4b6388891206f711541) Importer(815301076,1909f56bfc062723c751e8b465ee728b)
Start importing Assets/Blue.mat using Guid(c33bb15dc68cd4b6388891206f711541) Importer(815301076,1909f56bfc062723c751e8b465ee728b)  -> (artifact id: 'e0a36297b9c588c3b7e4e991e7393970') in 0.015419 seconds 
  Import took 0.019942 seconds .

========================================================================
Received Import Request.
  Time since last request: 5.925006 seconds.
  path: Assets/Rede.mat
  artifactKey: Guid(0d5b5ea65b0b94d0d9dfa4cda92f4d92) Importer(815301076,1909f56bfc062723c751e8b465ee728b)
Start importing Assets/Rede.mat using Guid(0d5b5ea65b0b94d0d9dfa4cda92f4d92) Importer(815301076,1909f56bfc062723c751e8b465ee728b)  -> (artifact id: 'caeb58e02f8cd2c1647703515b84aa44') in 0.014241 seconds 
  Import took 0.017157 seconds .

========================================================================
Received Import Request.
  Time since last request: 4.532464 seconds.
  path: Assets/Red.mat
  artifactKey: Guid(0d5b5ea65b0b94d0d9dfa4cda92f4d92) Importer(815301076,1909f56bfc062723c751e8b465ee728b)
Start importing Assets/Red.mat using Guid(0d5b5ea65b0b94d0d9dfa4cda92f4d92) Importer(815301076,1909f56bfc062723c751e8b465ee728b)  -> (artifact id: '6c309ab67fbabe461b43b739baf8b42f') in 0.013999 seconds 
  Import took 0.017126 seconds .

========================================================================
Received Import Request.
  Time since last request: 9.184719 seconds.
  path: Assets/Yellow.mat
  artifactKey: Guid(0befc125e0f9f47d4a621973dbc12d19) Importer(815301076,1909f56bfc062723c751e8b465ee728b)
Start importing Assets/Yellow.mat using Guid(0befc125e0f9f47d4a621973dbc12d19) Importer(815301076,1909f56bfc062723c751e8b465ee728b)  -> (artifact id: '25d85cc1526f2e78e83bcdd5f9cc888b') in 0.013288 seconds 
  Import took 0.016803 seconds .

========================================================================
Received Import Request.
  Time since last request: 6.700903 seconds.
  path: Assets/Green.mat
  artifactKey: Guid(a852112083a6849349ba5870d950706a) Importer(815301076,1909f56bfc062723c751e8b465ee728b)
Start importing Assets/Green.mat using Guid(a852112083a6849349ba5870d950706a) Importer(815301076,1909f56bfc062723c751e8b465ee728b)  -> (artifact id: 'fa9947b28e6ddb1b2b66aaca3cd287bd') in 0.013918 seconds 
  Import took 0.016897 seconds .

========================================================================
Received Import Request.
  Time since last request: 2015.543818 seconds.
  path: Assets/Blue.mat
  artifactKey: Guid(c33bb15dc68cd4b6388891206f711541) Importer(815301076,1909f56bfc062723c751e8b465ee728b)
Start importing Assets/Blue.mat using Guid(c33bb15dc68cd4b6388891206f711541) Importer(815301076,1909f56bfc062723c751e8b465ee728b)  -> (artifact id: 'e292b88a3e110db30a8b4c3b0df63650') in 0.019216 seconds 
  Import took 0.021839 seconds .

========================================================================
Received Import Request.
  Time since last request: 0.000248 seconds.
  path: Assets/Yellow.mat
  artifactKey: Guid(0befc125e0f9f47d4a621973dbc12d19) Importer(815301076,1909f56bfc062723c751e8b465ee728b)
Start importing Assets/Yellow.mat using Guid(0befc125e0f9f47d4a621973dbc12d19) Importer(815301076,1909f56bfc062723c751e8b465ee728b)  -> (artifact id: 'd1c1c2ea683c2ce185783a49427ea62c') in 0.012274 seconds 
  Import took 0.014497 seconds .

========================================================================
Received Import Request.
  Time since last request: 0.000255 seconds.
  path: Assets/Green.mat
  artifactKey: Guid(a852112083a6849349ba5870d950706a) Importer(815301076,1909f56bfc062723c751e8b465ee728b)
Start importing Assets/Green.mat using Guid(a852112083a6849349ba5870d950706a) Importer(815301076,1909f56bfc062723c751e8b465ee728b)  -> (artifact id: '05f46c9d0898a28e675f4e3e6313a055') in 0.015951 seconds 
  Import took 0.018880 seconds .

========================================================================
Received Import Request.
  Time since last request: 0.000349 seconds.
  path: Assets/Red.mat
  artifactKey: Guid(0d5b5ea65b0b94d0d9dfa4cda92f4d92) Importer(815301076,1909f56bfc062723c751e8b465ee728b)
Start importing Assets/Red.mat using Guid(0d5b5ea65b0b94d0d9dfa4cda92f4d92) Importer(815301076,1909f56bfc062723c751e8b465ee728b)  -> (artifact id: '849b9bd98ed1f280f1dda16e88b9b13d') in 0.013370 seconds 
  Import took 0.017119 seconds .

